1627518438288	geckodriver	INFO	Listening on 127.0.0.1:56207
1627518438291	mozrunner::runner	INFO	Running command: "/usr/bin/firefox" "--marionette" "-foreground" "-no-remote" "-profile" "/tmp/rust_mozprofileTYl4vl"
1627518438785	Marionette	INFO	Marionette enabled
console.warn: SearchSettings: "get: No settings file exists, new profile?" (new NotFoundError("Could not open the file at /tmp/rust_mozprofileTYl4vl/search.json.mozlz4", (void 0)))
1627518440091	Marionette	INFO	Listening on port 38433
1627518440112	Marionette	WARN	TLS certificate errors will be ignored for this session
1627518478577	geckodriver	INFO	Listening on 127.0.0.1:38491
1627518479587	mozrunner::runner	INFO	Running command: "/usr/bin/firefox" "--marionette" "-foreground" "-no-remote" "-profile" "/tmp/rust_mozprofileDDiGOj"
1627518480068	Marionette	INFO	Marionette enabled
console.warn: SearchSettings: "get: No settings file exists, new profile?" (new NotFoundError("Could not open the file at /tmp/rust_mozprofileDDiGOj/search.json.mozlz4", (void 0)))
1627518481443	Marionette	INFO	Listening on port 39755
1627518481507	Marionette	WARN	TLS certificate errors will be ignored for this session
1627518482355	Marionette	WARN	Ignoring event 'pageshow' because document has an invalid readyState of 'uninitialized'.
1627518483389	Marionette	INFO	Stopped listening on port 38433
1627518488686	Marionette	INFO	Stopped listening on port 39755

###!!! [Parent][RunMessage] Error: Channel closing: too late to send/recv, messages will be lost

1627518527114	geckodriver	INFO	Listening on 127.0.0.1:56939
1627518527124	mozrunner::runner	INFO	Running command: "/usr/bin/firefox" "--marionette" "-foreground" "-no-remote" "-profile" "/tmp/rust_mozprofilexAJ9kG"
1627518527604	Marionette	INFO	Marionette enabled
console.warn: SearchSettings: "get: No settings file exists, new profile?" (new NotFoundError("Could not open the file at /tmp/rust_mozprofilexAJ9kG/search.json.mozlz4", (void 0)))
1627518528753	Marionette	INFO	Listening on port 42619
1627518528843	Marionette	WARN	TLS certificate errors will be ignored for this session
1627518530374	Marionette	WARN	Ignoring event 'pageshow' because document has an invalid readyState of 'uninitialized'.
1627518686270	Marionette	INFO	Stopped listening on port 42619

###!!! [Parent][RunMessage] Error: Channel closing: too late to send/recv, messages will be lost

1627518706520	geckodriver	INFO	Listening on 127.0.0.1:39559
1627518706529	mozrunner::runner	INFO	Running command: "/usr/bin/firefox" "--marionette" "-foreground" "-no-remote" "-profile" "/tmp/rust_mozprofileYj0ieM"
1627518707012	Marionette	INFO	Marionette enabled
console.warn: SearchSettings: "get: No settings file exists, new profile?" (new NotFoundError("Could not open the file at /tmp/rust_mozprofileYj0ieM/search.json.mozlz4", (void 0)))
1627518708256	Marionette	INFO	Listening on port 38605
1627518708353	Marionette	WARN	TLS certificate errors will be ignored for this session
1627518709233	Marionette	WARN	Ignoring event 'pageshow' because document has an invalid readyState of 'uninitialized'.
JavaScript error: resource://gre/actors/PictureInPictureChild.jsm, line 974: TypeError: toggle is null
JavaScript error: resource://gre/actors/PictureInPictureChild.jsm, line 974: TypeError: toggle is null
JavaScript error: resource://gre/actors/PictureInPictureChild.jsm, line 974: TypeError: toggle is null
JavaScript error: resource://gre/actors/PictureInPictureChild.jsm, line 974: TypeError: toggle is null
JavaScript error: resource://gre/actors/PictureInPictureChild.jsm, line 974: TypeError: toggle is null
JavaScript error: resource://gre/actors/PictureInPictureChild.jsm, line 974: TypeError: toggle is null
JavaScript error: resource://gre/actors/PictureInPictureChild.jsm, line 974: TypeError: toggle is null
JavaScript error: resource://gre/actors/PictureInPictureChild.jsm, line 974: TypeError: toggle is null

###!!! [Parent][RunMessage] Error: Channel closing: too late to send/recv, messages will be lost

JavaScript error: resource://gre/actors/PictureInPictureChild.jsm, line 974: TypeError: toggle is null

###!!! [Child][RunMessage] Error: Channel closing: too late to send/recv, messages will be lost

1627518776263	Marionette	INFO	Stopped listening on port 38605

###!!! [Parent][RunMessage] Error: Channel closing: too late to send/recv, messages will be lost

1627518799908	geckodriver	INFO	Listening on 127.0.0.1:60403
1627518799917	mozrunner::runner	INFO	Running command: "/usr/bin/firefox" "--marionette" "-foreground" "-no-remote" "-profile" "/tmp/rust_mozprofilezINfwa"
1627518800384	Marionette	INFO	Marionette enabled
console.warn: SearchSettings: "get: No settings file exists, new profile?" (new NotFoundError("Could not open the file at /tmp/rust_mozprofilezINfwa/search.json.mozlz4", (void 0)))
1627518801545	Marionette	INFO	Listening on port 33205
1627518801638	Marionette	WARN	TLS certificate errors will be ignored for this session
1627518802414	Marionette	WARN	Ignoring event 'pageshow' because document has an invalid readyState of 'uninitialized'.
1627518912681	Marionette	INFO	Stopped listening on port 33205

###!!! [Parent][RunMessage] Error: Channel closing: too late to send/recv, messages will be lost

1627518921426	geckodriver	INFO	Listening on 127.0.0.1:34023
1627518921435	mozrunner::runner	INFO	Running command: "/usr/bin/firefox" "--marionette" "-foreground" "-no-remote" "-profile" "/tmp/rust_mozprofileMfUgS3"
1627518921906	Marionette	INFO	Marionette enabled
console.warn: SearchSettings: "get: No settings file exists, new profile?" (new NotFoundError("Could not open the file at /tmp/rust_mozprofileMfUgS3/search.json.mozlz4", (void 0)))
1627518923173	Marionette	INFO	Listening on port 42833
1627518923252	Marionette	WARN	TLS certificate errors will be ignored for this session
1627518924022	Marionette	WARN	Ignoring event 'pageshow' because document has an invalid readyState of 'uninitialized'.
JavaScript error: resource://gre/actors/AudioPlaybackParent.jsm, line 24: TypeError: browser is null
1627518939731	Marionette	INFO	Stopped listening on port 42833

###!!! [Parent][RunMessage] Error: Channel closing: too late to send/recv, messages will be lost

1627519137007	geckodriver	INFO	Listening on 127.0.0.1:59225
1627519137016	mozrunner::runner	INFO	Running command: "/usr/bin/firefox" "--marionette" "-foreground" "-no-remote" "-profile" "/tmp/rust_mozprofileabOE65"
1627519137481	Marionette	INFO	Marionette enabled
console.warn: SearchSettings: "get: No settings file exists, new profile?" (new NotFoundError("Could not open the file at /tmp/rust_mozprofileabOE65/search.json.mozlz4", (void 0)))
1627519138615	Marionette	INFO	Listening on port 46385
1627519138641	Marionette	WARN	TLS certificate errors will be ignored for this session
1627519140142	Marionette	WARN	Ignoring event 'pageshow' because document has an invalid readyState of 'uninitialized'.
1627519171034	Marionette	INFO	Stopped listening on port 46385
1627929890318	geckodriver	INFO	Listening on 127.0.0.1:56041
1627929891826	mozrunner::runner	INFO	Running command: "/usr/bin/firefox" "--marionette" "-foreground" "-no-remote" "-profile" "/tmp/rust_mozprofileTA4dXb"
1627929892639	Marionette	INFO	Marionette enabled
console.warn: SearchSettings: "get: No settings file exists, new profile?" (new NotFoundError("Could not open the file at /tmp/rust_mozprofileTA4dXb/search.json.mozlz4", (void 0)))
1627929893730	Marionette	INFO	Listening on port 43677
1627929893748	Marionette	WARN	TLS certificate errors will be ignored for this session
1627929894491	Marionette	WARN	Ignoring event 'pageshow' because document has an invalid readyState of 'uninitialized'.
JavaScript error: https://static.listoffreeware.com/wp-content/themes/awsum-lof/js/multislider.js, line 178: TypeError: animateSlideLeft is not a function
JavaScript error: , line 0: TypeError: NetworkError when attempting to fetch resource.
JavaScript error: , line 0: TypeError: NetworkError when attempting to fetch resource.
JavaScript error: , line 0: TypeError: NetworkError when attempting to fetch resource.
JavaScript error: , line 0: TypeError: NetworkError when attempting to fetch resource.
JavaScript error: , line 0: TypeError: NetworkError when attempting to fetch resource.
JavaScript error: , line 0: TypeError: NetworkError when attempting to fetch resource.
JavaScript error: , line 0: TypeError: NetworkError when attempting to fetch resource.
JavaScript error: , line 0: TypeError: NetworkError when attempting to fetch resource.
1627930002941	geckodriver	INFO	Listening on 127.0.0.1:36695
1627930003460	mozrunner::runner	INFO	Running command: "/usr/bin/firefox" "--marionette" "-foreground" "-no-remote" "-profile" "/tmp/rust_mozprofilecXrc5U"
1627930003988	Marionette	INFO	Marionette enabled
console.warn: SearchSettings: "get: No settings file exists, new profile?" (new NotFoundError("Could not open the file at /tmp/rust_mozprofilecXrc5U/search.json.mozlz4", (void 0)))
1627930005260	Marionette	INFO	Listening on port 35817
1627930005288	Marionette	WARN	TLS certificate errors will be ignored for this session
1627930006251	Marionette	WARN	Ignoring event 'pageshow' because document has an invalid readyState of 'uninitialized'.

###!!! [Child][RunMessage] Error: Channel closing: too late to send/recv, messages will be lost


###!!! [Child][RunMessage] Error: Channel closing: too late to send/recv, messages will be lost

1627930013472	Marionette	INFO	Stopped listening on port 43677

###!!! [Parent][RunMessage] Error: Channel closing: too late to send/recv, messages will be lost


###!!! [Parent][RunMessage] Error: Channel closing: too late to send/recv, messages will be lost


###!!! [Parent][RunMessage] Error: Channel closing: too late to send/recv, messages will be lost


###!!! [Parent][RunMessage] Error: Channel closing: too late to send/recv, messages will be lost


###!!! [Parent][RunMessage] Error: Channel closing: too late to send/recv, messages will be lost


###!!! [Parent][RunMessage] Error: Channel closing: too late to send/recv, messages will be lost


###!!! [Parent][RunMessage] Error: Channel closing: too late to send/recv, messages will be lost


###!!! [Parent][RunMessage] Error: Channel closing: too late to send/recv, messages will be lost


###!!! [Parent][RunMessage] Error: Channel closing: too late to send/recv, messages will be lost


###!!! [Parent][RunMessage] Error: Channel closing: too late to send/recv, messages will be lost


###!!! [Parent][RunMessage] Error: Channel closing: too late to send/recv, messages will be lost


###!!! [Parent][RunMessage] Error: Channel closing: too late to send/recv, messages will be lost


###!!! [Parent][RunMessage] Error: Channel closing: too late to send/recv, messages will be lost


###!!! [Parent][RunMessage] Error: Channel closing: too late to send/recv, messages will be lost


###!!! [Parent][RunMessage] Error: Channel closing: too late to send/recv, messages will be lost


###!!! [Parent][RunMessage] Error: Channel closing: too late to send/recv, messages will be lost


###!!! [Parent][RunMessage] Error: Channel closing: too late to send/recv, messages will be lost


###!!! [Parent][RunMessage] Error: Channel closing: too late to send/recv, messages will be lost


###!!! [Parent][RunMessage] Error: Channel closing: too late to send/recv, messages will be lost


###!!! [Parent][RunMessage] Error: Channel closing: too late to send/recv, messages will be lost


###!!! [Parent][RunMessage] Error: Channel closing: too late to send/recv, messages will be lost


###!!! [Parent][RunMessage] Error: Channel closing: too late to send/recv, messages will be lost


###!!! [Parent][RunMessage] Error: Channel closing: too late to send/recv, messages will be lost


###!!! [Parent][RunMessage] Error: Channel closing: too late to send/recv, messages will be lost


###!!! [Parent][RunMessage] Error: Channel closing: too late to send/recv, messages will be lost


###!!! [Parent][RunMessage] Error: Channel closing: too late to send/recv, messages will be lost


###!!! [Parent][RunMessage] Error: Channel closing: too late to send/recv, messages will be lost


###!!! [Parent][RunMessage] Error: Channel closing: too late to send/recv, messages will be lost

1627930115557	geckodriver	INFO	Listening on 127.0.0.1:33361
1627930116073	mozrunner::runner	INFO	Running command: "/usr/bin/firefox" "--marionette" "-foreground" "-no-remote" "-profile" "/tmp/rust_mozprofileC36lH4"
1627930116594	Marionette	INFO	Marionette enabled
console.warn: SearchSettings: "get: No settings file exists, new profile?" (new NotFoundError("Could not open the file at /tmp/rust_mozprofileC36lH4/search.json.mozlz4", (void 0)))
1627930117728	Marionette	INFO	Listening on port 43957
1627930117798	Marionette	WARN	TLS certificate errors will be ignored for this session
1627930119316	Marionette	WARN	Ignoring event 'pageshow' because document has an invalid readyState of 'uninitialized'.
1627930122528	Marionette	INFO	Stopped listening on port 35817

###!!! [Parent][RunMessage] Error: Channel closing: too late to send/recv, messages will be lost

1627930125729	Marionette	INFO	Stopped listening on port 43957

###!!! [Parent][RunMessage] Error: Channel closing: too late to send/recv, messages will be lost

1627930277694	geckodriver	INFO	Listening on 127.0.0.1:53125
1627930277707	mozrunner::runner	INFO	Running command: "/usr/bin/firefox" "--marionette" "-foreground" "-no-remote" "-profile" "/tmp/rust_mozprofileZBHDwu"
1627930278152	Marionette	INFO	Marionette enabled
console.warn: SearchSettings: "get: No settings file exists, new profile?" (new NotFoundError("Could not open the file at /tmp/rust_mozprofileZBHDwu/search.json.mozlz4", (void 0)))
1627930279267	Marionette	INFO	Listening on port 35759
1627930279325	Marionette	WARN	TLS certificate errors will be ignored for this session
1627930297318	Marionette	INFO	Stopped listening on port 35759

###!!! [Parent][RunMessage] Error: Channel closing: too late to send/recv, messages will be lost

1627930354256	geckodriver	INFO	Listening on 127.0.0.1:57273
1627930354264	mozrunner::runner	INFO	Running command: "/usr/bin/firefox" "--marionette" "-foreground" "-no-remote" "-profile" "/tmp/rust_mozprofileUW4Xd4"
1627930354719	Marionette	INFO	Marionette enabled
console.warn: SearchSettings: "get: No settings file exists, new profile?" (new NotFoundError("Could not open the file at /tmp/rust_mozprofileUW4Xd4/search.json.mozlz4", (void 0)))
1627930355950	Marionette	INFO	Listening on port 43117
1627930355985	Marionette	WARN	TLS certificate errors will be ignored for this session
1627930382184	Marionette	INFO	Stopped listening on port 43117

###!!! [Parent][RunMessage] Error: Channel closing: too late to send/recv, messages will be lost

1627930408731	geckodriver	INFO	Listening on 127.0.0.1:44917
1627930408739	mozrunner::runner	INFO	Running command: "/usr/bin/firefox" "--marionette" "-foreground" "-no-remote" "-profile" "/tmp/rust_mozprofilekXWc8V"
1627930409186	Marionette	INFO	Marionette enabled
console.warn: SearchSettings: "get: No settings file exists, new profile?" (new NotFoundError("Could not open the file at /tmp/rust_mozprofilekXWc8V/search.json.mozlz4", (void 0)))
1627930410392	Marionette	INFO	Listening on port 35849
1627930410493	Marionette	WARN	TLS certificate errors will be ignored for this session
1627930517627	Marionette	INFO	Stopped listening on port 35849
1627930553935	geckodriver	INFO	Listening on 127.0.0.1:54035
1627930553949	mozrunner::runner	INFO	Running command: "/usr/bin/firefox" "--marionette" "-foreground" "-no-remote" "-profile" "/tmp/rust_mozprofileRv4ANT"
1627930554370	Marionette	INFO	Marionette enabled
console.warn: SearchSettings: "get: No settings file exists, new profile?" (new NotFoundError("Could not open the file at /tmp/rust_mozprofileRv4ANT/search.json.mozlz4", (void 0)))
1627930555557	Marionette	INFO	Listening on port 41539
1627930555694	Marionette	WARN	TLS certificate errors will be ignored for this session
1627930710702	geckodriver	INFO	Listening on 127.0.0.1:55869
1627930710711	mozrunner::runner	INFO	Running command: "/usr/bin/firefox" "--marionette" "-foreground" "-no-remote" "-profile" "/tmp/rust_mozprofilel1Hovy"
1627930711160	Marionette	INFO	Marionette enabled
console.warn: SearchSettings: "get: No settings file exists, new profile?" (new NotFoundError("Could not open the file at /tmp/rust_mozprofilel1Hovy/search.json.mozlz4", (void 0)))
1627930712295	Marionette	INFO	Listening on port 42623
1627930712328	Marionette	WARN	TLS certificate errors will be ignored for this session
1627930712341	geckodriver	INFO	Listening on 127.0.0.1:50543
1627930712345	mozrunner::runner	INFO	Running command: "/usr/bin/firefox" "--marionette" "-foreground" "-no-remote" "-profile" "/tmp/rust_mozprofileSQWsML"
1627930712782	Marionette	INFO	Marionette enabled
console.warn: SearchSettings: "get: No settings file exists, new profile?" (new NotFoundError("Could not open the file at /tmp/rust_mozprofileSQWsML/search.json.mozlz4", (void 0)))
1627930713844	Marionette	INFO	Listening on port 44083
1627930713879	Marionette	WARN	TLS certificate errors will be ignored for this session
[Parent 37907, Main Thread] WARNING: FileDescriptorSet destroyed with unconsumed descriptors: file /build/firefox/src/firefox-90.0.2/ipc/chromium/src/chrome/common/file_descriptor_set_posix.cc:19
[Parent 37907, Main Thread] WARNING: FileDescriptorSet destroyed with unconsumed descriptors: file /build/firefox/src/firefox-90.0.2/ipc/chromium/src/chrome/common/file_descriptor_set_posix.cc:19
1627930718490	Marionette	INFO	Stopped listening on port 41539

###!!! [Parent][RunMessage] Error: Channel closing: too late to send/recv, messages will be lost

1627930718831	Marionette	INFO	Stopped listening on port 44083
1627930719306	Marionette	INFO	Stopped listening on port 42623
1627930807680	geckodriver	INFO	Listening on 127.0.0.1:46443
1627930807689	mozrunner::runner	INFO	Running command: "/usr/bin/firefox" "--marionette" "-foreground" "-no-remote" "-profile" "/tmp/rust_mozprofileb8xodO"
1627930808135	Marionette	INFO	Marionette enabled
console.warn: SearchSettings: "get: No settings file exists, new profile?" (new NotFoundError("Could not open the file at /tmp/rust_mozprofileb8xodO/search.json.mozlz4", (void 0)))
1627930809243	Marionette	INFO	Listening on port 37799
1627930809306	Marionette	WARN	TLS certificate errors will be ignored for this session
console.error: services.settings: 
  main/doh-providers Signature failed  InvalidSignatureError: Invalid content signature (main/doh-providers)
console.error: services.settings: 
  main/doh-providers local data was corrupted
console.warn: services.settings: main/doh-providers Signature verified failed. Retry from scratch
console.error: services.settings: 
  main/doh-config Signature failed  InvalidSignatureError: Invalid content signature (main/doh-config)
console.error: services.settings: 
  main/doh-config local data was corrupted
console.warn: services.settings: main/doh-config Signature verified failed. Retry from scratch
console.log: WebExtensions: reset-default-search: starting.
console.log: WebExtensions: reset-default-search: No addons in our list are installed.
1627946455995	Marionette	INFO	Stopped listening on port 37799
1627946480521	geckodriver	INFO	Listening on 127.0.0.1:45395
1627946480530	mozrunner::runner	INFO	Running command: "/usr/bin/firefox" "--marionette" "-foreground" "-no-remote" "-profile" "/tmp/rust_mozprofilejFTAi2"
1627946481339	Marionette	INFO	Marionette enabled
console.warn: SearchSettings: "get: No settings file exists, new profile?" (new NotFoundError("Could not open the file at /tmp/rust_mozprofilejFTAi2/search.json.mozlz4", (void 0)))
1627946482617	Marionette	INFO	Listening on port 38983
1627946482651	Marionette	WARN	TLS certificate errors will be ignored for this session
console.error: services.settings: 
  main/doh-providers Signature failed  InvalidSignatureError: Invalid content signature (main/doh-providers)
console.error: services.settings: 
  main/doh-providers local data was corrupted
console.warn: services.settings: main/doh-providers Signature verified failed. Retry from scratch
console.error: services.settings: 
  main/doh-config Signature failed  InvalidSignatureError: Invalid content signature (main/doh-config)
console.error: services.settings: 
  main/doh-config local data was corrupted
console.warn: services.settings: main/doh-config Signature verified failed. Retry from scratch
console.log: WebExtensions: reset-default-search: starting.
console.log: WebExtensions: reset-default-search: No addons in our list are installed.
1627954730890	Marionette	INFO	Stopped listening on port 38983
1628018715310	geckodriver	INFO	Listening on 127.0.0.1:45829
1628018716314	mozrunner::runner	INFO	Running command: "/usr/bin/firefox" "--marionette" "-foreground" "-no-remote" "-profile" "/tmp/rust_mozprofilelAtODd"
1628018717247	Marionette	INFO	Marionette enabled
console.warn: SearchSettings: "get: No settings file exists, new profile?" (new NotFoundError("Could not open the file at /tmp/rust_mozprofilelAtODd/search.json.mozlz4", (void 0)))
1628018718544	Marionette	INFO	Listening on port 40419
1628018718661	Marionette	WARN	TLS certificate errors will be ignored for this session
console.error: services.settings: 
  main/doh-providers Signature failed  InvalidSignatureError: Invalid content signature (main/doh-providers)
console.error: services.settings: 
  main/doh-providers local data was corrupted
console.warn: services.settings: main/doh-providers Signature verified failed. Retry from scratch
console.error: services.settings: 
  main/doh-config Signature failed  InvalidSignatureError: Invalid content signature (main/doh-config)
console.error: services.settings: 
  main/doh-config local data was corrupted
console.warn: services.settings: main/doh-config Signature verified failed. Retry from scratch
console.log: WebExtensions: reset-default-search: starting.
console.log: WebExtensions: reset-default-search: No addons in our list are installed.
1628019196933	Marionette	INFO	Stopped listening on port 40419

###!!! [Parent][RunMessage] Error: Channel closing: too late to send/recv, messages will be lost

1628019479219	geckodriver	INFO	Listening on 127.0.0.1:55319
1628019479227	mozrunner::runner	INFO	Running command: "/usr/bin/firefox" "--marionette" "-foreground" "-no-remote" "-profile" "/tmp/rust_mozprofileailKE6"
1628019479690	Marionette	INFO	Marionette enabled
console.warn: SearchSettings: "get: No settings file exists, new profile?" (new NotFoundError("Could not open the file at /tmp/rust_mozprofileailKE6/search.json.mozlz4", (void 0)))
1628019480866	Marionette	INFO	Listening on port 33237
1628019480952	Marionette	WARN	TLS certificate errors will be ignored for this session
1628019649361	geckodriver	INFO	Listening on 127.0.0.1:51785
1628019649364	mozrunner::runner	INFO	Running command: "/usr/bin/firefox" "--marionette" "-foreground" "-no-remote" "-profile" "/tmp/rust_mozprofileS6ojgf"
1628019649786	Marionette	INFO	Marionette enabled
console.warn: SearchSettings: "get: No settings file exists, new profile?" (new NotFoundError("Could not open the file at /tmp/rust_mozprofileS6ojgf/search.json.mozlz4", (void 0)))
1628019650921	Marionette	INFO	Listening on port 37921
1628019650985	Marionette	WARN	TLS certificate errors will be ignored for this session
1628019652586	Marionette	WARN	Ignoring event 'pageshow' because document has an invalid readyState of 'uninitialized'.
1628019658606	Marionette	INFO	Stopped listening on port 33237
1628019661879	Marionette	INFO	Stopped listening on port 37921
1628019795534	geckodriver	INFO	Listening on 127.0.0.1:45405
1628019796076	mozrunner::runner	INFO	Running command: "/usr/bin/firefox" "--marionette" "-foreground" "-no-remote" "-profile" "/tmp/rust_mozprofileTWJdIE"
1628019796605	Marionette	INFO	Marionette enabled
console.warn: SearchSettings: "get: No settings file exists, new profile?" (new NotFoundError("Could not open the file at /tmp/rust_mozprofileTWJdIE/search.json.mozlz4", (void 0)))
1628019797639	Marionette	INFO	Listening on port 38195
1628019797703	Marionette	WARN	TLS certificate errors will be ignored for this session
1628019799324	Marionette	WARN	Ignoring event 'pageshow' because document has an invalid readyState of 'uninitialized'.
1628019805812	Marionette	INFO	Stopped listening on port 38195
1628020300782	geckodriver	INFO	Listening on 127.0.0.1:48521
1628020301461	mozrunner::runner	INFO	Running command: "/usr/bin/firefox" "--marionette" "-foreground" "-no-remote" "-profile" "/tmp/rust_mozprofileHyjQ7a"
1628020302103	Marionette	INFO	Marionette enabled
console.warn: SearchSettings: "get: No settings file exists, new profile?" (new NotFoundError("Could not open the file at /tmp/rust_mozprofileHyjQ7a/search.json.mozlz4", (void 0)))
1628020303466	Marionette	INFO	Listening on port 34883
1628020303613	Marionette	WARN	TLS certificate errors will be ignored for this session
1628020305760	Marionette	INFO	Stopped listening on port 34883
1628020374585	geckodriver	INFO	Listening on 127.0.0.1:39933
1628020375286	mozrunner::runner	INFO	Running command: "/usr/bin/firefox" "--marionette" "-foreground" "-no-remote" "-profile" "/tmp/rust_mozprofileenQL9v"
1628020375926	Marionette	INFO	Marionette enabled
console.warn: SearchSettings: "get: No settings file exists, new profile?" (new NotFoundError("Could not open the file at /tmp/rust_mozprofileenQL9v/search.json.mozlz4", (void 0)))
1628020377117	Marionette	INFO	Listening on port 44325
1628020377206	Marionette	WARN	TLS certificate errors will be ignored for this session
1628020378867	Marionette	WARN	Ignoring event 'pageshow' because document has an invalid readyState of 'uninitialized'.

###!!! [Parent][RunMessage] Error: Channel closing: too late to send/recv, messages will be lost


###!!! [Parent][RunMessage] Error: Channel closing: too late to send/recv, messages will be lost


###!!! [Parent][RunMessage] Error: Channel closing: too late to send/recv, messages will be lost


###!!! [Parent][RunMessage] Error: Channel closing: too late to send/recv, messages will be lost


###!!! [Parent][RunMessage] Error: Channel closing: too late to send/recv, messages will be lost

1628020383250	Marionette	INFO	Stopped listening on port 44325
1628020438994	geckodriver	INFO	Listening on 127.0.0.1:35645
1628020439694	mozrunner::runner	INFO	Running command: "/usr/bin/firefox" "--marionette" "-foreground" "-no-remote" "-profile" "/tmp/rust_mozprofilenosbgt"
1628020440343	Marionette	INFO	Marionette enabled
console.warn: SearchSettings: "get: No settings file exists, new profile?" (new NotFoundError("Could not open the file at /tmp/rust_mozprofilenosbgt/search.json.mozlz4", (void 0)))
1628020441709	Marionette	INFO	Listening on port 46859
1628020441861	Marionette	WARN	TLS certificate errors will be ignored for this session
1628020444245	Marionette	INFO	Stopped listening on port 46859
1628020783910	geckodriver	INFO	Listening on 127.0.0.1:41053
1628020784617	mozrunner::runner	INFO	Running command: "/usr/bin/firefox" "--marionette" "-foreground" "-no-remote" "-profile" "/tmp/rust_mozprofileqChcsT"
1628020785254	Marionette	INFO	Marionette enabled
console.warn: SearchSettings: "get: No settings file exists, new profile?" (new NotFoundError("Could not open the file at /tmp/rust_mozprofileqChcsT/search.json.mozlz4", (void 0)))
1628020786763	Marionette	INFO	Listening on port 37957
1628020786839	Marionette	WARN	TLS certificate errors will be ignored for this session
1628020787909	Marionette	WARN	Ignoring event 'pageshow' because document has an invalid readyState of 'uninitialized'.
JavaScript error: resource://gre/actors/AudioPlaybackParent.jsm, line 24: TypeError: browser is null
JavaScript error: https://assets.revcontent.com/master/delivery.js, line 2: TypeError: f.b[n.props.bannerSize] is undefined
JavaScript error: , line 0: TypeError: NetworkError when attempting to fetch resource.
JavaScript error: , line 0: TypeError: NetworkError when attempting to fetch resource.
JavaScript error: , line 0: TypeError: NetworkError when attempting to fetch resource.
JavaScript error: , line 0: TypeError: NetworkError when attempting to fetch resource.
JavaScript error: , line 0: TypeError: NetworkError when attempting to fetch resource.
JavaScript error: , line 0: TypeError: NetworkError when attempting to fetch resource.
JavaScript error: , line 0: TypeError: NetworkError when attempting to fetch resource.
console.error: services.settings: 
  main/doh-providers Signature failed  InvalidSignatureError: Invalid content signature (main/doh-providers)
console.error: services.settings: 
  main/doh-providers local data was corrupted
console.warn: services.settings: main/doh-providers Signature verified failed. Retry from scratch
console.error: services.settings: 
  main/doh-config Signature failed  InvalidSignatureError: Invalid content signature (main/doh-config)
console.error: services.settings: 
  main/doh-config local data was corrupted
console.warn: services.settings: main/doh-config Signature verified failed. Retry from scratch
JavaScript warning: https://www.googletagservices.com/activeview/js/current/osd.js, line 6: Script terminated by timeout at:
xb@https://www.googletagservices.com/activeview/js/current/osd.js:6:7253
ng/<@https://www.googletagservices.com/activeview/js/current/osd.js:6:48163
jg/<@https://www.googletagservices.com/activeview/js/current/osd.js:6:47271
ig@https://www.googletagservices.com/activeview/js/current/osd.js:6:47164
jg@https://www.googletagservices.com/activeview/js/current/osd.js:6:47252
ng@https://www.googletagservices.com/activeview/js/current/osd.js:6:48131
k.Xa@https://www.googletagservices.com/activeview/js/current/osd.js:6:51199
Xf@https://www.googletagservices.com/activeview/js/current/osd.js:6:44509
dh@https://www.googletagservices.com/activeview/js/current/osd.js:6:59766
ah.prototype.sample@https://www.googletagservices.com/activeview/js/current/osd.js:6:59501
Ye/a.g<@https://www.googletagservices.com/activeview/js/current/osd.js:6:34747
le/</<@https://www.googletagservices.com/activeview/js/current/osd.js:6:28681
ie/<@https://www.googletagservices.com/activeview/js/current/osd.js:6:28391
Rd/<@https://www.googletagservices.com/activeview/js/current/osd.js:6:25483
ie@https://www.googletagservices.com/activeview/js/current/osd.js:6:28530
le/<@https://www.googletagservices.com/activeview/js/current/osd.js:6:28654
Rd/<@https://www.googletagservices.com/activeview/js/current/osd.js:6:25483
Rd/<@https://www.googletagservices.com/activeview/js/current/osd.js:6:25527

console.log: WebExtensions: reset-default-search: starting.
console.log: WebExtensions: reset-default-search: No addons in our list are installed.
1628022234047	Marionette	INFO	Stopped listening on port 37957

###!!! [Parent][RunMessage] Error: Channel closing: too late to send/recv, messages will be lost

1628186312810	geckodriver	INFO	Listening on 127.0.0.1:55277
1628186314335	mozrunner::runner	INFO	Running command: "/usr/bin/firefox" "--marionette" "-foreground" "-no-remote" "-profile" "/tmp/rust_mozprofileoL3cuO"
1628186314835	Marionette	INFO	Marionette enabled
console.warn: SearchSettings: "get: No settings file exists, new profile?" (new NotFoundError("Could not open the file at /tmp/rust_mozprofileoL3cuO/search.json.mozlz4", (void 0)))
1628186316390	Marionette	INFO	Listening on port 46439
1628186316455	Marionette	WARN	TLS certificate errors will be ignored for this session
1628186320536	Marionette	INFO	Stopped listening on port 46439
